<?xml version="1.0" encoding="UTF-8"?>
<!-- Generated by org.testng.reporters.JUnitReportReporter -->
<testsuite name="Login.SignUp_Page" tests="1" time="13.615" ignored="0" failures="0" timestamp="06 Oct 2020 15:02:02 GMT" skipped="0" hostname="LTA1QHBOH1" errors="0">
  <testcase name="signUp" time="13.615" classname="Login.SignUp_Page"/>
</testsuite> <!-- Login.SignUp_Page -->
